<?xml version="1.0" encoding="UTF-8"?>
<!-- Generated by org.testng.reporters.JUnitReportReporter -->
<testsuite name="com.omayo.hybrid.testcases.GmailLogin" tests="3" time="28.413" ignored="0" failures="0" timestamp="04 Mar 2017 14:23:41 GMT" skipped="2" hostname="OSIT-L-0463" errors="0">
  <testcase name="doLogin" time="0.002" classname="com.omayo.hybrid.testcases.GmailLogin">
    <skipped/>
  </testcase> <!-- doLogin -->
  <testcase name="doLogin" time="0.002" classname="com.omayo.hybrid.testcases.GmailLogin">
    <skipped/>
  </testcase> <!-- doLogin -->
  <testcase name="doLogin" time="28.409" classname="com.omayo.hybrid.testcases.GmailLogin"/>
</testsuite> <!-- com.omayo.hybrid.testcases.GmailLogin -->
